<?xml version="1.0" encoding="UTF-8"?><testrun name="TweetSetSuite (Failed Tests first)" project="objsets" tests="9" started="9" failures="0" errors="2" ignored="0">
  <testsuite name="objsets.TweetSetSuite" time="0.021">
    <testcase name="filter: on empty set" classname="objsets.TweetSetSuite" time="0.0"/>
    <testcase name="filter: a on set5" classname="objsets.TweetSetSuite" time="0.001"/>
    <testcase name="filter: 20 on set5" classname="objsets.TweetSetSuite" time="0.002"/>
    <testcase name="union: set4c and set4d" classname="objsets.TweetSetSuite" time="0.008">
      <error>org.scalatest.exceptions.TestFailedException: 0 did not equal 4
	at org.scalatest.Assertions$class.newAssertionFailedException(Assertions.scala:318)
	at objsets.TweetSetSuite.newAssertionFailedException(TweetSetSuite.scala:9)
	at org.scalatest.Assertions$class.assert(Assertions.scala:401)
	at objsets.TweetSetSuite.assert(TweetSetSuite.scala:9)
	at objsets.TweetSetSuite$$anonfun$4$$anon$4.&lt;init&gt;(TweetSetSuite.scala:49)
	at objsets.TweetSetSuite$$anonfun$4.apply$mcV$sp(TweetSetSuite.scala:48)
	at objsets.TweetSetSuite$$anonfun$4.apply(TweetSetSuite.scala:48)
	at objsets.TweetSetSuite$$anonfun$4.apply(TweetSetSuite.scala:48)
	at org.scalatest.FunSuite$$anon$1.apply(FunSuite.scala:1265)
	at org.scalatest.Suite$class.withFixture(Suite.scala:1974)
	at objsets.TweetSetSuite.withFixture(TweetSetSuite.scala:9)
	at org.scalatest.FunSuite$class.invokeWithFixture$1(FunSuite.scala:1262)
	at org.scalatest.FunSuite$$anonfun$runTest$1.apply(FunSuite.scala:1271)
	at org.scalatest.FunSuite$$anonfun$runTest$1.apply(FunSuite.scala:1271)
	at org.scalatest.SuperEngine.runTestImpl(Engine.scala:198)
	at org.scalatest.FunSuite$class.runTest(FunSuite.scala:1271)
	at objsets.TweetSetSuite.runTest(TweetSetSuite.scala:9)
	at org.scalatest.FunSuite$$anonfun$runTests$1.apply(FunSuite.scala:1304)
	at org.scalatest.FunSuite$$anonfun$runTests$1.apply(FunSuite.scala:1304)
	at org.scalatest.SuperEngine$$anonfun$org$scalatest$SuperEngine$$runTestsInBranch$1.apply(Engine.scala:260)
	at org.scalatest.SuperEngine$$anonfun$org$scalatest$SuperEngine$$runTestsInBranch$1.apply(Engine.scala:249)
	at scala.collection.immutable.List.foreach(List.scala:318)
	at org.scalatest.SuperEngine.org$scalatest$SuperEngine$$runTestsInBranch(Engine.scala:249)
	at org.scalatest.SuperEngine.runTestsImpl(Engine.scala:326)
	at org.scalatest.FunSuite$class.runTests(FunSuite.scala:1304)
	at objsets.TweetSetSuite.runTests(TweetSetSuite.scala:9)
	at org.scalatest.Suite$class.run(Suite.scala:2303)
	at objsets.TweetSetSuite.org$scalatest$FunSuite$$super$run(TweetSetSuite.scala:9)
	at org.scalatest.FunSuite$$anonfun$run$1.apply(FunSuite.scala:1310)
	at org.scalatest.FunSuite$$anonfun$run$1.apply(FunSuite.scala:1310)
	at org.scalatest.SuperEngine.runImpl(Engine.scala:362)
	at org.scalatest.FunSuite$class.run(FunSuite.scala:1310)
	at objsets.TweetSetSuite.run(TweetSetSuite.scala:9)
	at org.scalatest.junit.JUnitRunner.run(JUnitRunner.scala:94)
	at org.eclipse.jdt.internal.junit4.runner.JUnit4TestReference.run(JUnit4TestReference.java:50)
	at org.eclipse.jdt.internal.junit.runner.TestExecution.run(TestExecution.java:38)
	at org.eclipse.jdt.internal.junit.runner.RemoteTestRunner.runTests(RemoteTestRunner.java:467)
	at org.eclipse.jdt.internal.junit.runner.RemoteTestRunner.runTests(RemoteTestRunner.java:683)
	at org.eclipse.jdt.internal.junit.runner.RemoteTestRunner.run(RemoteTestRunner.java:390)
	at org.eclipse.jdt.internal.junit.runner.RemoteTestRunner.main(RemoteTestRunner.java:197)

</error>
    </testcase>
    <testcase name="union: with empty set " classname="1" time="0.002">
      <error>org.scalatest.exceptions.TestFailedException: 3 did not equal 4
	at org.scalatest.Assertions$class.newAssertionFailedException(Assertions.scala:318)
	at objsets.TweetSetSuite.newAssertionFailedException(TweetSetSuite.scala:9)
	at org.scalatest.Assertions$class.assert(Assertions.scala:401)
	at objsets.TweetSetSuite.assert(TweetSetSuite.scala:9)
	at objsets.TweetSetSuite$$anonfun$5$$anon$5.&lt;init&gt;(TweetSetSuite.scala:55)
	at objsets.TweetSetSuite$$anonfun$5.apply$mcV$sp(TweetSetSuite.scala:54)
	at objsets.TweetSetSuite$$anonfun$5.apply(TweetSetSuite.scala:54)
	at objsets.TweetSetSuite$$anonfun$5.apply(TweetSetSuite.scala:54)
	at org.scalatest.FunSuite$$anon$1.apply(FunSuite.scala:1265)
	at org.scalatest.Suite$class.withFixture(Suite.scala:1974)
	at objsets.TweetSetSuite.withFixture(TweetSetSuite.scala:9)
	at org.scalatest.FunSuite$class.invokeWithFixture$1(FunSuite.scala:1262)
	at org.scalatest.FunSuite$$anonfun$runTest$1.apply(FunSuite.scala:1271)
	at org.scalatest.FunSuite$$anonfun$runTest$1.apply(FunSuite.scala:1271)
	at org.scalatest.SuperEngine.runTestImpl(Engine.scala:198)
	at org.scalatest.FunSuite$class.runTest(FunSuite.scala:1271)
	at objsets.TweetSetSuite.runTest(TweetSetSuite.scala:9)
	at org.scalatest.FunSuite$$anonfun$runTests$1.apply(FunSuite.scala:1304)
	at org.scalatest.FunSuite$$anonfun$runTests$1.apply(FunSuite.scala:1304)
	at org.scalatest.SuperEngine$$anonfun$org$scalatest$SuperEngine$$runTestsInBranch$1.apply(Engine.scala:260)
	at org.scalatest.SuperEngine$$anonfun$org$scalatest$SuperEngine$$runTestsInBranch$1.apply(Engine.scala:249)
	at scala.collection.immutable.List.foreach(List.scala:318)
	at org.scalatest.SuperEngine.org$scalatest$SuperEngine$$runTestsInBranch(Engine.scala:249)
	at org.scalatest.SuperEngine.runTestsImpl(Engine.scala:326)
	at org.scalatest.FunSuite$class.runTests(FunSuite.scala:1304)
	at objsets.TweetSetSuite.runTests(TweetSetSuite.scala:9)
	at org.scalatest.Suite$class.run(Suite.scala:2303)
	at objsets.TweetSetSuite.org$scalatest$FunSuite$$super$run(TweetSetSuite.scala:9)
	at org.scalatest.FunSuite$$anonfun$run$1.apply(FunSuite.scala:1310)
	at org.scalatest.FunSuite$$anonfun$run$1.apply(FunSuite.scala:1310)
	at org.scalatest.SuperEngine.runImpl(Engine.scala:362)
	at org.scalatest.FunSuite$class.run(FunSuite.scala:1310)
	at objsets.TweetSetSuite.run(TweetSetSuite.scala:9)
	at org.scalatest.junit.JUnitRunner.run(JUnitRunner.scala:94)
	at org.eclipse.jdt.internal.junit4.runner.JUnit4TestReference.run(JUnit4TestReference.java:50)
	at org.eclipse.jdt.internal.junit.runner.TestExecution.run(TestExecution.java:38)
	at org.eclipse.jdt.internal.junit.runner.RemoteTestRunner.runTests(RemoteTestRunner.java:467)
	at org.eclipse.jdt.internal.junit.runner.RemoteTestRunner.runTests(RemoteTestRunner.java:683)
	at org.eclipse.jdt.internal.junit.runner.RemoteTestRunner.run(RemoteTestRunner.java:390)
	at org.eclipse.jdt.internal.junit.runner.RemoteTestRunner.main(RemoteTestRunner.java:197)

</error>
    </testcase>
    <testcase name="union: with empty set " classname="2" time="0.002"/>
    <testcase name="mostRetweeted: empty set " classname="1" time="0.002"/>
    <testcase name="mostRetweeted: set " classname="2" time="0.0"/>
    <testcase name="descending: set5" classname="objsets.TweetSetSuite" time="0.003"/>
  </testsuite>
</testrun>
